<?xml version="1.0" encoding="UTF-8"?>
<!-- Generated by org.testng.reporters.JUnitReportReporter -->
<testsuite skipped="0" hostname="enver-pc" name="TestcasespecificlogsforaSeleniumproject.ManyTestCasesWebDriveropenbrowser" tests="2" failures="0" timestamp="18 Tem 2019 21:19:56 GMT" time="9.046" errors="2">
  <testcase name="testMethod1" time="4.402" classname="TestcasespecificlogsforaSeleniumproject.ManyTestCasesWebDriveropenbrowser">
    <error type="java.lang.Error" message="Unresolved compilation problem: 
	MDC cannot be resolved
">
      <![CDATA[java.lang.Error: Unresolved compilation problem: 
MDC cannot be resolved

at TestcasespecificlogsforaSeleniumproject.LogAwareWebDriverEventListener.bindLogName(LogAwareWebDriverEventListener.java:18)
at TestcasespecificlogsforaSeleniumproject.ManyTestCasesWebDriveropenbrowser.runTest(ManyTestCasesWebDriveropenbrowser.java:24)
at TestcasespecificlogsforaSeleniumproject.ManyTestCasesWebDriveropenbrowser.testMethod1(ManyTestCasesWebDriveropenbrowser.java:11)
at sun.reflect.NativeMethodAccessorImpl.invoke0(Native Method)
at sun.reflect.NativeMethodAccessorImpl.invoke(Unknown Source)
at sun.reflect.DelegatingMethodAccessorImpl.invoke(Unknown Source)
at java.lang.reflect.Method.invoke(Unknown Source)
at org.testng.internal.MethodInvocationHelper.invokeMethod(MethodInvocationHelper.java:124)
at org.testng.internal.Invoker.invokeMethod(Invoker.java:583)
at org.testng.internal.Invoker.invokeTestMethod(Invoker.java:719)
at org.testng.internal.Invoker.invokeTestMethods(Invoker.java:989)
at org.testng.internal.TestMethodWorker.invokeTestMethods(TestMethodWorker.java:125)
at org.testng.internal.TestMethodWorker.run(TestMethodWorker.java:109)
at org.testng.TestRunner.privateRun(TestRunner.java:648)
at org.testng.TestRunner.run(TestRunner.java:505)
at org.testng.SuiteRunner.runTest(SuiteRunner.java:455)
at org.testng.SuiteRunner.runSequentially(SuiteRunner.java:450)
at org.testng.SuiteRunner.privateRun(SuiteRunner.java:415)
at org.testng.SuiteRunner.run(SuiteRunner.java:364)
at org.testng.SuiteRunnerWorker.runSuite(SuiteRunnerWorker.java:52)
at org.testng.SuiteRunnerWorker.run(SuiteRunnerWorker.java:84)
at org.testng.TestNG.runSuitesSequentially(TestNG.java:1208)
at org.testng.TestNG.runSuitesLocally(TestNG.java:1137)
at org.testng.TestNG.runSuites(TestNG.java:1049)
at org.testng.TestNG.run(TestNG.java:1017)
at org.testng.remote.AbstractRemoteTestNG.run(AbstractRemoteTestNG.java:115)
at org.testng.remote.RemoteTestNG.initAndRun(RemoteTestNG.java:251)
at org.testng.remote.RemoteTestNG.main(RemoteTestNG.java:77)
]]>
    </error>
  </testcase> <!-- testMethod1 -->
  <testcase name="testMethod2" time="4.644" classname="TestcasespecificlogsforaSeleniumproject.ManyTestCasesWebDriveropenbrowser">
    <error type="java.lang.Error" message="Unresolved compilation problem: 
	MDC cannot be resolved
">
      <![CDATA[java.lang.Error: Unresolved compilation problem: 
MDC cannot be resolved

at TestcasespecificlogsforaSeleniumproject.LogAwareWebDriverEventListener.bindLogName(LogAwareWebDriverEventListener.java:18)
at TestcasespecificlogsforaSeleniumproject.ManyTestCasesWebDriveropenbrowser.runTest(ManyTestCasesWebDriveropenbrowser.java:24)
at TestcasespecificlogsforaSeleniumproject.ManyTestCasesWebDriveropenbrowser.testMethod2(ManyTestCasesWebDriveropenbrowser.java:16)
at sun.reflect.NativeMethodAccessorImpl.invoke0(Native Method)
at sun.reflect.NativeMethodAccessorImpl.invoke(Unknown Source)
at sun.reflect.DelegatingMethodAccessorImpl.invoke(Unknown Source)
at java.lang.reflect.Method.invoke(Unknown Source)
at org.testng.internal.MethodInvocationHelper.invokeMethod(MethodInvocationHelper.java:124)
at org.testng.internal.Invoker.invokeMethod(Invoker.java:583)
at org.testng.internal.Invoker.invokeTestMethod(Invoker.java:719)
at org.testng.internal.Invoker.invokeTestMethods(Invoker.java:989)
at org.testng.internal.TestMethodWorker.invokeTestMethods(TestMethodWorker.java:125)
at org.testng.internal.TestMethodWorker.run(TestMethodWorker.java:109)
at org.testng.TestRunner.privateRun(TestRunner.java:648)
at org.testng.TestRunner.run(TestRunner.java:505)
at org.testng.SuiteRunner.runTest(SuiteRunner.java:455)
at org.testng.SuiteRunner.runSequentially(SuiteRunner.java:450)
at org.testng.SuiteRunner.privateRun(SuiteRunner.java:415)
at org.testng.SuiteRunner.run(SuiteRunner.java:364)
at org.testng.SuiteRunnerWorker.runSuite(SuiteRunnerWorker.java:52)
at org.testng.SuiteRunnerWorker.run(SuiteRunnerWorker.java:84)
at org.testng.TestNG.runSuitesSequentially(TestNG.java:1208)
at org.testng.TestNG.runSuitesLocally(TestNG.java:1137)
at org.testng.TestNG.runSuites(TestNG.java:1049)
at org.testng.TestNG.run(TestNG.java:1017)
at org.testng.remote.AbstractRemoteTestNG.run(AbstractRemoteTestNG.java:115)
at org.testng.remote.RemoteTestNG.initAndRun(RemoteTestNG.java:251)
at org.testng.remote.RemoteTestNG.main(RemoteTestNG.java:77)
]]>
    </error>
  </testcase> <!-- testMethod2 -->
</testsuite> <!-- TestcasespecificlogsforaSeleniumproject.ManyTestCasesWebDriveropenbrowser -->
